<?xml version="1.0" encoding="UTF-8"?>
<coverage generated="1639668260625" clover="3.2.0">
  <project timestamp="1639668260625" name="All files">
    <metrics statements="60" coveredstatements="60" conditionals="9" coveredconditionals="9" methods="17" coveredmethods="17" elements="86" coveredelements="86" complexity="0" loc="60" ncloc="60" packages="3" files="10" classes="10"/>
    <package name="test.fixture">
      <metrics statements="37" coveredstatements="37" conditionals="6" coveredconditionals="6" methods="9" coveredmethods="9"/>
      <file name="ArticleFaker.ts" path="/app/src/test/fixture/ArticleFaker.ts">
        <metrics statements="11" coveredstatements="11" conditionals="2" coveredconditionals="2" methods="1" coveredmethods="1"/>
        <line num="2" count="2" type="stmt"/>
        <line num="3" count="2" type="stmt"/>
        <line num="5" count="2" type="stmt"/>
        <line num="10" count="2" type="stmt"/>
        <line num="11" count="32" type="stmt"/>
        <line num="14" count="32" type="stmt"/>
        <line num="15" count="32" type="cond" truecount="2" falsecount="0"/>
        <line num="16" count="41" type="stmt"/>
        <line num="19" count="32" type="stmt"/>
        <line num="29" count="32" type="stmt"/>
        <line num="32" count="2" type="stmt"/>
      </file>
      <file name="EventFaker.ts" path="/app/src/test/fixture/EventFaker.ts">
        <metrics statements="6" coveredstatements="6" conditionals="0" coveredconditionals="0" methods="1" coveredmethods="1"/>
        <line num="2" count="2" type="stmt"/>
        <line num="3" count="2" type="stmt"/>
        <line num="9" count="2" type="stmt"/>
        <line num="10" count="21" type="stmt"/>
        <line num="19" count="21" type="stmt"/>
        <line num="22" count="2" type="stmt"/>
      </file>
      <file name="ImageFaker.ts" path="/app/src/test/fixture/ImageFaker.ts">
        <metrics statements="7" coveredstatements="7" conditionals="0" coveredconditionals="0" methods="1" coveredmethods="1"/>
        <line num="2" count="2" type="stmt"/>
        <line num="8" count="2" type="stmt"/>
        <line num="9" count="32" type="stmt"/>
        <line num="14" count="32" type="stmt"/>
        <line num="21" count="32" type="stmt"/>
        <line num="30" count="32" type="stmt"/>
        <line num="33" count="2" type="stmt"/>
      </file>
      <file name="TaxonomyFaker.ts" path="/app/src/test/fixture/TaxonomyFaker.ts">
        <metrics statements="9" coveredstatements="9" conditionals="4" coveredconditionals="4" methods="1" coveredmethods="1"/>
        <line num="2" count="2" type="stmt"/>
        <line num="3" count="2" type="stmt"/>
        <line num="7" count="2" type="stmt"/>
        <line num="19" count="2" type="stmt"/>
        <line num="20" count="42" type="stmt"/>
        <line num="22" count="42" type="cond" truecount="2" falsecount="0"/>
        <line num="26" count="42" type="stmt"/>
        <line num="32" count="42" type="stmt"/>
        <line num="35" count="2" type="stmt"/>
      </file>
      <file name="index.ts" path="/app/src/test/fixture/index.ts">
        <metrics statements="4" coveredstatements="4" conditionals="0" coveredconditionals="0" methods="5" coveredmethods="5"/>
        <line num="1" count="34" type="stmt"/>
        <line num="2" count="23" type="stmt"/>
        <line num="3" count="34" type="stmt"/>
        <line num="4" count="44" type="stmt"/>
      </file>
    </package>
    <package name="test.util">
      <metrics statements="10" coveredstatements="10" conditionals="2" coveredconditionals="2" methods="4" coveredmethods="4"/>
      <file name="index.ts" path="/app/src/test/util/index.ts">
        <metrics statements="2" coveredstatements="2" conditionals="0" coveredconditionals="0" methods="2" coveredmethods="2"/>
        <line num="1" count="203" type="stmt"/>
        <line num="2" count="353" type="stmt"/>
      </file>
      <file name="randomInt.ts" path="/app/src/test/util/randomInt.ts">
        <metrics statements="3" coveredstatements="3" conditionals="0" coveredconditionals="0" methods="1" coveredmethods="1"/>
        <line num="7" count="3" type="stmt"/>
        <line num="8" count="203" type="stmt"/>
        <line num="11" count="3" type="stmt"/>
      </file>
      <file name="randomText.ts" path="/app/src/test/util/randomText.ts">
        <metrics statements="5" coveredstatements="5" conditionals="2" coveredconditionals="2" methods="1" coveredmethods="1"/>
        <line num="2" count="3" type="stmt"/>
        <line num="10" count="3" type="stmt"/>
        <line num="11" count="355" type="stmt"/>
        <line num="12" count="355" type="cond" truecount="2" falsecount="0"/>
        <line num="17" count="3" type="stmt"/>
      </file>
    </package>
    <package name="util">
      <metrics statements="13" coveredstatements="13" conditionals="1" coveredconditionals="1" methods="4" coveredmethods="4"/>
      <file name="ItemsStacker.ts" path="/app/src/util/ItemsStacker.ts">
        <metrics statements="5" coveredstatements="5" conditionals="0" coveredconditionals="0" methods="1" coveredmethods="1"/>
        <line num="12" count="5" type="stmt"/>
        <line num="13" count="5" type="stmt"/>
        <line num="14" count="10" type="stmt"/>
        <line num="16" count="5" type="stmt"/>
        <line num="19" count="1" type="stmt"/>
      </file>
      <file name="ItemsTaxoFilter.ts" path="/app/src/util/ItemsTaxoFilter.ts">
        <metrics statements="8" coveredstatements="8" conditionals="1" coveredconditionals="1" methods="3" coveredmethods="3"/>
        <line num="13" count="1" type="stmt"/>
        <line num="17" count="4" type="stmt"/>
        <line num="19" count="4" type="stmt"/>
        <line num="20" count="12" type="cond" truecount="1" falsecount="0"/>
        <line num="22" count="13" type="stmt"/>
        <line num="25" count="5" type="stmt"/>
        <line num="29" count="4" type="stmt"/>
        <line num="32" count="1" type="stmt"/>
      </file>
    </package>
  </project>
</coverage>
