{"/app/src/test/fixture/ArticleFaker.ts": {"path":"/app/src/test/fixture/ArticleFaker.ts","statementMap":{"0":{"start":{"line":2,"column":14},"end":{"line":2,"column":30}},"1":{"start":{"line":3,"column":0},"end":{"line":3,"column":48}},"2":{"start":{"line":5,"column":0},"end":{"line":5,"column":52}},"3":{"start":{"line":10,"column":21},"end":{"line":30,"column":1}},"4":{"start":{"line":11,"column":42},"end":{"line":11,"column":44}},"5":{"start":{"line":14,"column":22},"end":{"line":14,"column":34}},"6":{"start":{"line":15,"column":2},"end":{"line":17,"column":null}},"7":{"start":{"line":15,"column":15},"end":{"line":15,"column":16}},"8":{"start":{"line":16,"column":4},"end":{"line":16,"column":41}},"9":{"start":{"line":19,"column":31},"end":{"line":27,"column":4}},"10":{"start":{"line":29,"column":2},"end":{"line":29,"column":21}},"11":{"start":{"line":32,"column":9},"end":{"line":32,"column":21}}},"fnMap":{"0":{"name":"(anonymous_0)","decl":{"start":{"line":10,"column":21},"end":{"line":10,"column":null}},"loc":{"start":{"line":10,"column":21},"end":{"line":30,"column":1}}}},"branchMap":{"0":{"loc":{"start":{"line":15,"column":23},"end":{"line":15,"column":56}},"type":"cond-expr","locations":[{"start":{"line":15,"column":41},"end":{"line":15,"column":52}},{"start":{"line":15,"column":55},"end":{"line":15,"column":56}}]}},"s":{"0":2,"1":2,"2":2,"3":2,"4":32,"5":32,"6":32,"7":32,"8":41,"9":32,"10":32,"11":2},"f":{"0":32},"b":{"0":[41,32]}}
,"/app/src/test/fixture/EventFaker.ts": {"path":"/app/src/test/fixture/EventFaker.ts","statementMap":{"0":{"start":{"line":2,"column":14},"end":{"line":2,"column":30}},"1":{"start":{"line":3,"column":0},"end":{"line":3,"column":48}},"2":{"start":{"line":9,"column":19},"end":{"line":20,"column":1}},"3":{"start":{"line":10,"column":27},"end":{"line":17,"column":4}},"4":{"start":{"line":19,"column":2},"end":{"line":19,"column":19}},"5":{"start":{"line":22,"column":9},"end":{"line":22,"column":19}}},"fnMap":{"0":{"name":"(anonymous_0)","decl":{"start":{"line":9,"column":19},"end":{"line":9,"column":null}},"loc":{"start":{"line":9,"column":19},"end":{"line":20,"column":1}}}},"branchMap":{},"s":{"0":2,"1":2,"2":2,"3":21,"4":21,"5":2},"f":{"0":21},"b":{}}
,"/app/src/test/fixture/ImageFaker.ts": {"path":"/app/src/test/fixture/ImageFaker.ts","statementMap":{"0":{"start":{"line":2,"column":0},"end":{"line":2,"column":48}},"1":{"start":{"line":8,"column":19},"end":{"line":31,"column":1}},"2":{"start":{"line":9,"column":21},"end":{"line":12,"column":4}},"3":{"start":{"line":14,"column":32},"end":{"line":19,"column":4}},"4":{"start":{"line":21,"column":27},"end":{"line":28,"column":4}},"5":{"start":{"line":30,"column":2},"end":{"line":30,"column":19}},"6":{"start":{"line":33,"column":9},"end":{"line":33,"column":19}}},"fnMap":{"0":{"name":"(anonymous_0)","decl":{"start":{"line":8,"column":19},"end":{"line":8,"column":null}},"loc":{"start":{"line":8,"column":19},"end":{"line":31,"column":1}}}},"branchMap":{},"s":{"0":2,"1":2,"2":32,"3":32,"4":32,"5":32,"6":2},"f":{"0":32},"b":{}}
,"/app/src/test/fixture/TaxonomyFaker.ts": {"path":"/app/src/test/fixture/TaxonomyFaker.ts","statementMap":{"0":{"start":{"line":2,"column":14},"end":{"line":2,"column":30}},"1":{"start":{"line":3,"column":0},"end":{"line":3,"column":36}},"2":{"start":{"line":7,"column":22},"end":{"line":14,"column":2}},"3":{"start":{"line":35,"column":24},"end":{"line":35,"column":37}},"4":{"start":{"line":19,"column":22},"end":{"line":33,"column":1}},"5":{"start":{"line":20,"column":22},"end":{"line":20,"column":53}},"6":{"start":{"line":22,"column":20},"end":{"line":24,"column":54}},"7":{"start":{"line":26,"column":33},"end":{"line":30,"column":4}},"8":{"start":{"line":32,"column":2},"end":{"line":32,"column":22}},"9":{"start":{"line":35,"column":9},"end":{"line":35,"column":22}}},"fnMap":{"0":{"name":"(anonymous_0)","decl":{"start":{"line":19,"column":22},"end":{"line":19,"column":23}},"loc":{"start":{"line":19,"column":37},"end":{"line":33,"column":1}}}},"branchMap":{"0":{"loc":{"start":{"line":22,"column":20},"end":{"line":24,"column":54}},"type":"cond-expr","locations":[{"start":{"line":23,"column":6},"end":{"line":23,"column":11}},{"start":{"line":24,"column":6},"end":{"line":24,"column":54}}]},"1":{"loc":{"start":{"line":24,"column":20},"end":{"line":24,"column":53}},"type":"cond-expr","locations":[{"start":{"line":24,"column":38},"end":{"line":24,"column":49}},{"start":{"line":24,"column":52},"end":{"line":24,"column":53}}]}},"s":{"0":2,"1":2,"2":2,"3":2,"4":2,"5":42,"6":42,"7":42,"8":42,"9":2},"f":{"0":42},"b":{"0":[1,41],"1":[34,7]}}
,"/app/src/test/fixture/index.ts": {"path":"/app/src/test/fixture/index.ts","statementMap":{"0":{"start":{"line":1,"column":0},"end":{"line":1,"column":9}},"1":{"start":{"line":1,"column":9},"end":{"line":1,"column":46}},"2":{"start":{"line":2,"column":0},"end":{"line":2,"column":9}},"3":{"start":{"line":2,"column":9},"end":{"line":2,"column":42}},"4":{"start":{"line":3,"column":0},"end":{"line":3,"column":9}},"5":{"start":{"line":3,"column":9},"end":{"line":3,"column":42}},"6":{"start":{"line":4,"column":0},"end":{"line":4,"column":9}},"7":{"start":{"line":4,"column":9},"end":{"line":4,"column":24}},"8":{"start":{"line":4,"column":24},"end":{"line":4,"column":63}}},"fnMap":{"0":{"name":"(anonymous_0)","decl":{"start":{"line":1,"column":9},"end":{"line":1,"column":21}},"loc":{"start":{"line":1,"column":9},"end":{"line":1,"column":46}}},"1":{"name":"(anonymous_1)","decl":{"start":{"line":2,"column":9},"end":{"line":2,"column":19}},"loc":{"start":{"line":2,"column":9},"end":{"line":2,"column":42}}},"2":{"name":"(anonymous_2)","decl":{"start":{"line":3,"column":9},"end":{"line":3,"column":19}},"loc":{"start":{"line":3,"column":9},"end":{"line":3,"column":42}}},"3":{"name":"(anonymous_3)","decl":{"start":{"line":4,"column":9},"end":{"line":4,"column":22}},"loc":{"start":{"line":4,"column":9},"end":{"line":4,"column":24}}},"4":{"name":"(anonymous_4)","decl":{"start":{"line":4,"column":24},"end":{"line":4,"column":37}},"loc":{"start":{"line":4,"column":24},"end":{"line":4,"column":63}}}},"branchMap":{},"s":{"0":2,"1":34,"2":2,"3":23,"4":2,"5":34,"6":2,"7":44,"8":4},"f":{"0":32,"1":21,"2":32,"3":42,"4":2},"b":{}}
,"/app/src/test/util/index.ts": {"path":"/app/src/test/util/index.ts","statementMap":{"0":{"start":{"line":1,"column":0},"end":{"line":1,"column":9}},"1":{"start":{"line":1,"column":9},"end":{"line":1,"column":40}},"2":{"start":{"line":2,"column":0},"end":{"line":2,"column":9}},"3":{"start":{"line":2,"column":9},"end":{"line":2,"column":42}}},"fnMap":{"0":{"name":"(anonymous_0)","decl":{"start":{"line":1,"column":9},"end":{"line":1,"column":18}},"loc":{"start":{"line":1,"column":9},"end":{"line":1,"column":40}}},"1":{"name":"(anonymous_1)","decl":{"start":{"line":2,"column":9},"end":{"line":2,"column":19}},"loc":{"start":{"line":2,"column":9},"end":{"line":2,"column":42}}}},"branchMap":{},"s":{"0":2,"1":203,"2":2,"3":353},"f":{"0":201,"1":351},"b":{}}
,"/app/src/test/util/randomInt.ts": {"path":"/app/src/test/util/randomInt.ts","statementMap":{"0":{"start":{"line":7,"column":18},"end":{"line":9,"column":1}},"1":{"start":{"line":8,"column":2},"end":{"line":8,"column":44}},"2":{"start":{"line":11,"column":9},"end":{"line":11,"column":18}}},"fnMap":{"0":{"name":"(anonymous_0)","decl":{"start":{"line":7,"column":18},"end":{"line":7,"column":19}},"loc":{"start":{"line":7,"column":33},"end":{"line":9,"column":1}}}},"branchMap":{},"s":{"0":3,"1":203,"2":3},"f":{"0":203},"b":{}}
,"/app/src/test/util/randomText.ts": {"path":"/app/src/test/util/randomText.ts","statementMap":{"0":{"start":{"line":2,"column":14},"end":{"line":2,"column":30}},"1":{"start":{"line":10,"column":19},"end":{"line":15,"column":1}},"2":{"start":{"line":11,"column":24},"end":{"line":11,"column":42}},"3":{"start":{"line":12,"column":2},"end":{"line":14,"column":35}},"4":{"start":{"line":17,"column":9},"end":{"line":17,"column":19}}},"fnMap":{"0":{"name":"(anonymous_0)","decl":{"start":{"line":10,"column":19},"end":{"line":10,"column":20}},"loc":{"start":{"line":10,"column":37},"end":{"line":15,"column":1}}}},"branchMap":{"0":{"loc":{"start":{"line":12,"column":9},"end":{"line":14,"column":34}},"type":"cond-expr","locations":[{"start":{"line":13,"column":6},"end":{"line":13,"column":31}},{"start":{"line":14,"column":6},"end":{"line":14,"column":34}}]}},"s":{"0":3,"1":3,"2":355,"3":355,"4":3},"f":{"0":355},"b":{"0":[167,188]}}
,"/app/src/util/ItemsStacker.ts": {"path":"/app/src/util/ItemsStacker.ts","statementMap":{"0":{"start":{"line":12,"column":22},"end":{"line":12,"column":24}},"1":{"start":{"line":13,"column":2},"end":{"line":15,"column":null}},"2":{"start":{"line":13,"column":15},"end":{"line":13,"column":16}},"3":{"start":{"line":14,"column":4},"end":{"line":14,"column":44}},"4":{"start":{"line":16,"column":2},"end":{"line":16,"column":21}},"5":{"start":{"line":19,"column":9},"end":{"line":19,"column":21}}},"fnMap":{"0":{"name":"ItemsStacker","decl":{"start":{"line":11,"column":9},"end":{"line":11,"column":21}},"loc":{"start":{"line":11,"column":43},"end":{"line":17,"column":1}}}},"branchMap":{},"s":{"0":5,"1":5,"2":5,"3":10,"4":5,"5":1},"f":{"0":5},"b":{}}
,"/app/src/util/ItemsTaxoFilter.ts": {"path":"/app/src/util/ItemsTaxoFilter.ts","statementMap":{"0":{"start":{"line":13,"column":24},"end":{"line":30,"column":1}},"1":{"start":{"line":17,"column":36},"end":{"line":17,"column":38}},"2":{"start":{"line":19,"column":2},"end":{"line":27,"column":5}},"3":{"start":{"line":20,"column":4},"end":{"line":26,"column":null}},"4":{"start":{"line":22,"column":32},"end":{"line":22,"column":null}},"5":{"start":{"line":25,"column":6},"end":{"line":25,"column":31}},"6":{"start":{"line":29,"column":2},"end":{"line":29,"column":23}},"7":{"start":{"line":32,"column":9},"end":{"line":32,"column":24}}},"fnMap":{"0":{"name":"(anonymous_0)","decl":{"start":{"line":13,"column":24},"end":{"line":13,"column":null}},"loc":{"start":{"line":15,"column":40},"end":{"line":30,"column":1}}},"1":{"name":"(anonymous_1)","decl":{"start":{"line":19,"column":16},"end":{"line":19,"column":17}},"loc":{"start":{"line":19,"column":21},"end":{"line":27,"column":3}}},"2":{"name":"(anonymous_2)","decl":{"start":{"line":22,"column":8},"end":{"line":22,"column":9}},"loc":{"start":{"line":22,"column":27},"end":{"line":22,"column":39}}}},"branchMap":{"0":{"loc":{"start":{"line":20,"column":4},"end":{"line":26,"column":null}},"type":"if","locations":[{"start":{"line":20,"column":4},"end":{"line":26,"column":null}}]}},"s":{"0":1,"1":4,"2":4,"3":12,"4":13,"5":5,"6":4,"7":1},"f":{"0":4,"1":12,"2":13},"b":{"0":[5]}}
}
