TN:
SF:src/test/fixture/ArticleFaker.ts
FN:10,(anonymous_0)
FNF:1
FNH:1
FNDA:32,(anonymous_0)
DA:2,2
DA:3,2
DA:5,2
DA:10,2
DA:11,32
DA:14,32
DA:15,32
DA:16,41
DA:19,32
DA:29,32
DA:32,2
LF:11
LH:11
BRDA:15,0,0,41
BRDA:15,0,1,32
BRF:2
BRH:2
end_of_record
TN:
SF:src/test/fixture/EventFaker.ts
FN:9,(anonymous_0)
FNF:1
FNH:1
FNDA:21,(anonymous_0)
DA:2,2
DA:3,2
DA:9,2
DA:10,21
DA:19,21
DA:22,2
LF:6
LH:6
BRF:0
BRH:0
end_of_record
TN:
SF:src/test/fixture/ImageFaker.ts
FN:8,(anonymous_0)
FNF:1
FNH:1
FNDA:32,(anonymous_0)
DA:2,2
DA:8,2
DA:9,32
DA:14,32
DA:21,32
DA:30,32
DA:33,2
LF:7
LH:7
BRF:0
BRH:0
end_of_record
TN:
SF:src/test/fixture/TaxonomyFaker.ts
FN:19,(anonymous_0)
FNF:1
FNH:1
FNDA:42,(anonymous_0)
DA:2,2
DA:3,2
DA:7,2
DA:19,2
DA:20,42
DA:22,42
DA:26,42
DA:32,42
DA:35,2
LF:9
LH:9
BRDA:22,0,0,1
BRDA:22,0,1,41
BRDA:24,1,0,34
BRDA:24,1,1,7
BRF:4
BRH:4
end_of_record
TN:
SF:src/test/fixture/index.ts
FN:1,(anonymous_0)
FN:2,(anonymous_1)
FN:3,(anonymous_2)
FN:4,(anonymous_3)
FN:4,(anonymous_4)
FNF:5
FNH:5
FNDA:32,(anonymous_0)
FNDA:21,(anonymous_1)
FNDA:32,(anonymous_2)
FNDA:42,(anonymous_3)
FNDA:2,(anonymous_4)
DA:1,34
DA:2,23
DA:3,34
DA:4,44
LF:4
LH:4
BRF:0
BRH:0
end_of_record
TN:
SF:src/test/util/index.ts
FN:1,(anonymous_0)
FN:2,(anonymous_1)
FNF:2
FNH:2
FNDA:201,(anonymous_0)
FNDA:351,(anonymous_1)
DA:1,203
DA:2,353
LF:2
LH:2
BRF:0
BRH:0
end_of_record
TN:
SF:src/test/util/randomInt.ts
FN:7,(anonymous_0)
FNF:1
FNH:1
FNDA:203,(anonymous_0)
DA:7,3
DA:8,203
DA:11,3
LF:3
LH:3
BRF:0
BRH:0
end_of_record
TN:
SF:src/test/util/randomText.ts
FN:10,(anonymous_0)
FNF:1
FNH:1
FNDA:355,(anonymous_0)
DA:2,3
DA:10,3
DA:11,355
DA:12,355
DA:17,3
LF:5
LH:5
BRDA:12,0,0,167
BRDA:12,0,1,188
BRF:2
BRH:2
end_of_record
TN:
SF:src/util/ItemsStacker.ts
FN:11,ItemsStacker
FNF:1
FNH:1
FNDA:5,ItemsStacker
DA:12,5
DA:13,5
DA:14,10
DA:16,5
DA:19,1
LF:5
LH:5
BRF:0
BRH:0
end_of_record
TN:
SF:src/util/ItemsTaxoFilter.ts
FN:13,(anonymous_0)
FN:19,(anonymous_1)
FN:22,(anonymous_2)
FNF:3
FNH:3
FNDA:4,(anonymous_0)
FNDA:12,(anonymous_1)
FNDA:13,(anonymous_2)
DA:13,1
DA:17,4
DA:19,4
DA:20,12
DA:22,13
DA:25,5
DA:29,4
DA:32,1
LF:8
LH:8
BRDA:20,0,0,5
BRF:1
BRH:1
end_of_record
